[WARN ] 2017-12-04 10:13:46,460 --main-- [org.springframework.context.annotation.AnnotationConfigApplicationContext] Exception encountered during context initialization - cancelling refresh attempt: org.springframework.beans.factory.BeanCreationException: Error creating bean with name 'com.dangdang.ddframe.job.lite.spring.api.SpringJobScheduler#0': Cannot create inner bean '(inner bean)#174e1b69' of type [com.quark.job.scheduler.MySimpleJob] while setting constructor argument; nested exception is org.springframework.beans.factory.UnsatisfiedDependencyException: Error creating bean with name '(inner bean)#174e1b69': Unsatisfied dependency expressed through field 'jobSettings'; nested exception is org.springframework.beans.factory.NoSuchBeanDefinitionException: No qualifying bean of type 'com.dangdang.ddframe.job.lite.lifecycle.internal.settings.JobSettingsAPIImpl' available: expected at least 1 bean which qualifies as autowire candidate. Dependency annotations: {@org.springframework.beans.factory.annotation.Autowired(required=true)} 
[ERROR] 2017-12-04 10:13:46,554 --main-- [org.springframework.boot.diagnostics.LoggingFailureAnalysisReporter] 

***************************
APPLICATION FAILED TO START
***************************

Description:

Field jobSettings in com.quark.job.scheduler.MySimpleJob required a bean of type 'com.dangdang.ddframe.job.lite.lifecycle.internal.settings.JobSettingsAPIImpl' that could not be found.


Action:

Consider defining a bean of type 'com.dangdang.ddframe.job.lite.lifecycle.internal.settings.JobSettingsAPIImpl' in your configuration.
 
[ERROR] 2017-12-04 11:13:31,911 --Curator-Framework-0-- [org.apache.curator.ConnectionState] Connection timed out for connection string (192.168.194.128:2181) and timeout (15000) / elapsed (15005) 
org.apache.curator.CuratorConnectionLossException: KeeperErrorCode = ConnectionLoss
	at org.apache.curator.ConnectionState.checkTimeouts(ConnectionState.java:197)
	at org.apache.curator.ConnectionState.getZooKeeper(ConnectionState.java:88)
	at org.apache.curator.CuratorZookeeperClient.getZooKeeper(CuratorZookeeperClient.java:116)
	at org.apache.curator.framework.imps.CuratorFrameworkImpl.performBackgroundOperation(CuratorFrameworkImpl.java:835)
	at org.apache.curator.framework.imps.CuratorFrameworkImpl.backgroundOperationsLoop(CuratorFrameworkImpl.java:809)
	at org.apache.curator.framework.imps.CuratorFrameworkImpl.access$300(CuratorFrameworkImpl.java:64)
	at org.apache.curator.framework.imps.CuratorFrameworkImpl$4.call(CuratorFrameworkImpl.java:267)
	at java.util.concurrent.FutureTask.run(FutureTask.java:266)
	at java.util.concurrent.ScheduledThreadPoolExecutor$ScheduledFutureTask.access$201(ScheduledThreadPoolExecutor.java:180)
	at java.util.concurrent.ScheduledThreadPoolExecutor$ScheduledFutureTask.run(ScheduledThreadPoolExecutor.java:293)
	at java.util.concurrent.ThreadPoolExecutor.runWorker(ThreadPoolExecutor.java:1149)
	at java.util.concurrent.ThreadPoolExecutor$Worker.run(ThreadPoolExecutor.java:624)
	at java.lang.Thread.run(Thread.java:748)
[ERROR] 2017-12-04 11:13:32,905 --simpleJobExecutor_Worker-1-- [org.apache.curator.ConnectionState] Connection timed out for connection string (192.168.194.128:2181) and timeout (15000) / elapsed (16006) 
org.apache.curator.CuratorConnectionLossException: KeeperErrorCode = ConnectionLoss
	at org.apache.curator.ConnectionState.checkTimeouts(ConnectionState.java:197)
	at org.apache.curator.ConnectionState.getZooKeeper(ConnectionState.java:88)
	at org.apache.curator.CuratorZookeeperClient.getZooKeeper(CuratorZookeeperClient.java:116)
	at org.apache.curator.framework.imps.CuratorFrameworkImpl.getZooKeeper(CuratorFrameworkImpl.java:489)
	at org.apache.curator.framework.imps.GetChildrenBuilderImpl$3.call(GetChildrenBuilderImpl.java:214)
	at org.apache.curator.framework.imps.GetChildrenBuilderImpl$3.call(GetChildrenBuilderImpl.java:203)
	at org.apache.curator.RetryLoop.callWithRetry(RetryLoop.java:108)
	at org.apache.curator.framework.imps.GetChildrenBuilderImpl.pathInForeground(GetChildrenBuilderImpl.java:200)
	at org.apache.curator.framework.imps.GetChildrenBuilderImpl.forPath(GetChildrenBuilderImpl.java:191)
	at org.apache.curator.framework.imps.GetChildrenBuilderImpl.forPath(GetChildrenBuilderImpl.java:38)
	at com.dangdang.ddframe.job.reg.zookeeper.ZookeeperRegistryCenter.getChildrenKeys(ZookeeperRegistryCenter.java:170)
	at com.dangdang.ddframe.job.lite.internal.storage.JobNodeStorage.getJobNodeChildrenKeys(JobNodeStorage.java:92)
	at com.dangdang.ddframe.job.lite.internal.instance.InstanceService.getAvailableJobInstances(InstanceService.java:75)
	at com.dangdang.ddframe.job.lite.internal.sharding.ShardingService.shardingIfNecessary(ShardingService.java:103)
	at com.dangdang.ddframe.job.lite.internal.schedule.LiteJobFacade.getShardingContexts(LiteJobFacade.java:115)
	at com.dangdang.ddframe.job.executor.AbstractElasticJobExecutor.execute(AbstractElasticJobExecutor.java:103)
	at com.dangdang.ddframe.job.lite.internal.schedule.LiteJob.execute(LiteJob.java:26)
	at org.quartz.core.JobRunShell.run(JobRunShell.java:202)
	at org.quartz.simpl.SimpleThreadPool$WorkerThread.run(SimpleThreadPool.java:573)
[ERROR] 2017-12-04 11:13:32,906 --myDataFlowJob_Worker-1-- [org.apache.curator.ConnectionState] Connection timed out for connection string (192.168.194.128:2181) and timeout (15000) / elapsed (16007) 
org.apache.curator.CuratorConnectionLossException: KeeperErrorCode = ConnectionLoss
	at org.apache.curator.ConnectionState.checkTimeouts(ConnectionState.java:197)
	at org.apache.curator.ConnectionState.getZooKeeper(ConnectionState.java:88)
	at org.apache.curator.CuratorZookeeperClient.getZooKeeper(CuratorZookeeperClient.java:116)
	at org.apache.curator.framework.imps.CuratorFrameworkImpl.getZooKeeper(CuratorFrameworkImpl.java:489)
	at org.apache.curator.framework.imps.GetChildrenBuilderImpl$3.call(GetChildrenBuilderImpl.java:214)
	at org.apache.curator.framework.imps.GetChildrenBuilderImpl$3.call(GetChildrenBuilderImpl.java:203)
	at org.apache.curator.RetryLoop.callWithRetry(RetryLoop.java:108)
	at org.apache.curator.framework.imps.GetChildrenBuilderImpl.pathInForeground(GetChildrenBuilderImpl.java:200)
	at org.apache.curator.framework.imps.GetChildrenBuilderImpl.forPath(GetChildrenBuilderImpl.java:191)
	at org.apache.curator.framework.imps.GetChildrenBuilderImpl.forPath(GetChildrenBuilderImpl.java:38)
	at com.dangdang.ddframe.job.reg.zookeeper.ZookeeperRegistryCenter.getChildrenKeys(ZookeeperRegistryCenter.java:170)
	at com.dangdang.ddframe.job.lite.internal.storage.JobNodeStorage.getJobNodeChildrenKeys(JobNodeStorage.java:92)
	at com.dangdang.ddframe.job.lite.internal.instance.InstanceService.getAvailableJobInstances(InstanceService.java:75)
	at com.dangdang.ddframe.job.lite.internal.sharding.ShardingService.shardingIfNecessary(ShardingService.java:103)
	at com.dangdang.ddframe.job.lite.internal.schedule.LiteJobFacade.getShardingContexts(LiteJobFacade.java:115)
	at com.dangdang.ddframe.job.executor.AbstractElasticJobExecutor.execute(AbstractElasticJobExecutor.java:103)
	at com.dangdang.ddframe.job.lite.internal.schedule.LiteJob.execute(LiteJob.java:26)
	at org.quartz.core.JobRunShell.run(JobRunShell.java:202)
	at org.quartz.simpl.SimpleThreadPool$WorkerThread.run(SimpleThreadPool.java:573)
[ERROR] 2017-12-04 11:13:32,912 --Curator-Framework-0-- [org.apache.curator.ConnectionState] Connection timed out for connection string (192.168.194.128:2181) and timeout (15000) / elapsed (16013) 
org.apache.curator.CuratorConnectionLossException: KeeperErrorCode = ConnectionLoss
	at org.apache.curator.ConnectionState.checkTimeouts(ConnectionState.java:197)
	at org.apache.curator.ConnectionState.getZooKeeper(ConnectionState.java:88)
	at org.apache.curator.CuratorZookeeperClient.getZooKeeper(CuratorZookeeperClient.java:116)
	at org.apache.curator.framework.imps.CuratorFrameworkImpl.performBackgroundOperation(CuratorFrameworkImpl.java:835)
	at org.apache.curator.framework.imps.CuratorFrameworkImpl.backgroundOperationsLoop(CuratorFrameworkImpl.java:809)
	at org.apache.curator.framework.imps.CuratorFrameworkImpl.access$300(CuratorFrameworkImpl.java:64)
	at org.apache.curator.framework.imps.CuratorFrameworkImpl$4.call(CuratorFrameworkImpl.java:267)
	at java.util.concurrent.FutureTask.run(FutureTask.java:266)
	at java.util.concurrent.ScheduledThreadPoolExecutor$ScheduledFutureTask.access$201(ScheduledThreadPoolExecutor.java:180)
	at java.util.concurrent.ScheduledThreadPoolExecutor$ScheduledFutureTask.run(ScheduledThreadPoolExecutor.java:293)
	at java.util.concurrent.ThreadPoolExecutor.runWorker(ThreadPoolExecutor.java:1149)
	at java.util.concurrent.ThreadPoolExecutor$Worker.run(ThreadPoolExecutor.java:624)
	at java.lang.Thread.run(Thread.java:748)
[ERROR] 2017-12-04 11:13:33,913 --Curator-Framework-0-- [org.apache.curator.ConnectionState] Connection timed out for connection string (192.168.194.128:2181) and timeout (15000) / elapsed (17014) 
org.apache.curator.CuratorConnectionLossException: KeeperErrorCode = ConnectionLoss
	at org.apache.curator.ConnectionState.checkTimeouts(ConnectionState.java:197)
	at org.apache.curator.ConnectionState.getZooKeeper(ConnectionState.java:88)
	at org.apache.curator.CuratorZookeeperClient.getZooKeeper(CuratorZookeeperClient.java:116)
	at org.apache.curator.framework.imps.CuratorFrameworkImpl.performBackgroundOperation(CuratorFrameworkImpl.java:835)
	at org.apache.curator.framework.imps.CuratorFrameworkImpl.backgroundOperationsLoop(CuratorFrameworkImpl.java:809)
	at org.apache.curator.framework.imps.CuratorFrameworkImpl.access$300(CuratorFrameworkImpl.java:64)
	at org.apache.curator.framework.imps.CuratorFrameworkImpl$4.call(CuratorFrameworkImpl.java:267)
	at java.util.concurrent.FutureTask.run(FutureTask.java:266)
	at java.util.concurrent.ScheduledThreadPoolExecutor$ScheduledFutureTask.access$201(ScheduledThreadPoolExecutor.java:180)
	at java.util.concurrent.ScheduledThreadPoolExecutor$ScheduledFutureTask.run(ScheduledThreadPoolExecutor.java:293)
	at java.util.concurrent.ThreadPoolExecutor.runWorker(ThreadPoolExecutor.java:1149)
	at java.util.concurrent.ThreadPoolExecutor$Worker.run(ThreadPoolExecutor.java:624)
	at java.lang.Thread.run(Thread.java:748)
[WARN ] 2017-12-04 11:13:33,914 --Curator-Framework-0-- [org.apache.curator.retry.ExponentialBackoffRetry] Sleep extension too large (4000). Pinning to 3000 
[ERROR] 2017-12-04 11:13:36,915 --Curator-Framework-0-- [org.apache.curator.ConnectionState] Connection timed out for connection string (192.168.194.128:2181) and timeout (15000) / elapsed (20016) 
org.apache.curator.CuratorConnectionLossException: KeeperErrorCode = ConnectionLoss
	at org.apache.curator.ConnectionState.checkTimeouts(ConnectionState.java:197)
	at org.apache.curator.ConnectionState.getZooKeeper(ConnectionState.java:88)
	at org.apache.curator.CuratorZookeeperClient.getZooKeeper(CuratorZookeeperClient.java:116)
	at org.apache.curator.framework.imps.CuratorFrameworkImpl.performBackgroundOperation(CuratorFrameworkImpl.java:835)
	at org.apache.curator.framework.imps.CuratorFrameworkImpl.backgroundOperationsLoop(CuratorFrameworkImpl.java:809)
	at org.apache.curator.framework.imps.CuratorFrameworkImpl.access$300(CuratorFrameworkImpl.java:64)
	at org.apache.curator.framework.imps.CuratorFrameworkImpl$4.call(CuratorFrameworkImpl.java:267)
	at java.util.concurrent.FutureTask.run(FutureTask.java:266)
	at java.util.concurrent.ScheduledThreadPoolExecutor$ScheduledFutureTask.access$201(ScheduledThreadPoolExecutor.java:180)
	at java.util.concurrent.ScheduledThreadPoolExecutor$ScheduledFutureTask.run(ScheduledThreadPoolExecutor.java:293)
	at java.util.concurrent.ThreadPoolExecutor.runWorker(ThreadPoolExecutor.java:1149)
	at java.util.concurrent.ThreadPoolExecutor$Worker.run(ThreadPoolExecutor.java:624)
	at java.lang.Thread.run(Thread.java:748)
[ERROR] 2017-12-04 11:13:36,917 --Curator-Framework-0-- [org.apache.curator.framework.imps.CuratorFrameworkImpl] Background operation retry gave up 
org.apache.zookeeper.KeeperException$ConnectionLossException: KeeperErrorCode = ConnectionLoss
	at org.apache.zookeeper.KeeperException.create(KeeperException.java:99)
	at org.apache.curator.framework.imps.CuratorFrameworkImpl.checkBackgroundRetry(CuratorFrameworkImpl.java:728)
	at org.apache.curator.framework.imps.CuratorFrameworkImpl.performBackgroundOperation(CuratorFrameworkImpl.java:857)
	at org.apache.curator.framework.imps.CuratorFrameworkImpl.backgroundOperationsLoop(CuratorFrameworkImpl.java:809)
	at org.apache.curator.framework.imps.CuratorFrameworkImpl.access$300(CuratorFrameworkImpl.java:64)
	at org.apache.curator.framework.imps.CuratorFrameworkImpl$4.call(CuratorFrameworkImpl.java:267)
	at java.util.concurrent.FutureTask.run(FutureTask.java:266)
	at java.util.concurrent.ScheduledThreadPoolExecutor$ScheduledFutureTask.access$201(ScheduledThreadPoolExecutor.java:180)
	at java.util.concurrent.ScheduledThreadPoolExecutor$ScheduledFutureTask.run(ScheduledThreadPoolExecutor.java:293)
	at java.util.concurrent.ThreadPoolExecutor.runWorker(ThreadPoolExecutor.java:1149)
	at java.util.concurrent.ThreadPoolExecutor$Worker.run(ThreadPoolExecutor.java:624)
	at java.lang.Thread.run(Thread.java:748)
[ERROR] 2017-12-04 11:13:36,919 --Curator-Framework-0-- [org.apache.curator.framework.imps.CuratorFrameworkImpl] Background retry gave up 
org.apache.curator.CuratorConnectionLossException: KeeperErrorCode = ConnectionLoss
	at org.apache.curator.ConnectionState.checkTimeouts(ConnectionState.java:197)
	at org.apache.curator.ConnectionState.getZooKeeper(ConnectionState.java:88)
	at org.apache.curator.CuratorZookeeperClient.getZooKeeper(CuratorZookeeperClient.java:116)
	at org.apache.curator.framework.imps.CuratorFrameworkImpl.performBackgroundOperation(CuratorFrameworkImpl.java:835)
	at org.apache.curator.framework.imps.CuratorFrameworkImpl.backgroundOperationsLoop(CuratorFrameworkImpl.java:809)
	at org.apache.curator.framework.imps.CuratorFrameworkImpl.access$300(CuratorFrameworkImpl.java:64)
	at org.apache.curator.framework.imps.CuratorFrameworkImpl$4.call(CuratorFrameworkImpl.java:267)
	at java.util.concurrent.FutureTask.run(FutureTask.java:266)
	at java.util.concurrent.ScheduledThreadPoolExecutor$ScheduledFutureTask.access$201(ScheduledThreadPoolExecutor.java:180)
	at java.util.concurrent.ScheduledThreadPoolExecutor$ScheduledFutureTask.run(ScheduledThreadPoolExecutor.java:293)
	at java.util.concurrent.ThreadPoolExecutor.runWorker(ThreadPoolExecutor.java:1149)
	at java.util.concurrent.ThreadPoolExecutor$Worker.run(ThreadPoolExecutor.java:624)
	at java.lang.Thread.run(Thread.java:748)
[WARN ] 2017-12-04 11:13:39,040 --main-SendThread(192.168.194.128:2181)-- [org.apache.zookeeper.ClientCnxn] Session 0x160169e77db0027 for server null, unexpected error, closing socket connection and attempting reconnect 
java.net.ConnectException: Connection timed out: no further information
	at sun.nio.ch.SocketChannelImpl.checkConnect(Native Method)
	at sun.nio.ch.SocketChannelImpl.finishConnect(SocketChannelImpl.java:717)
	at org.apache.zookeeper.ClientCnxnSocketNIO.doTransport(ClientCnxnSocketNIO.java:361)
	at org.apache.zookeeper.ClientCnxn$SendThread.run(ClientCnxn.java:1081)
[ERROR] 2017-12-04 11:13:48,909 --simpleJobExecutor_Worker-1-- [org.apache.curator.ConnectionState] Connection timed out for connection string (192.168.194.128:2181) and timeout (15000) / elapsed (32010) 
org.apache.curator.CuratorConnectionLossException: KeeperErrorCode = ConnectionLoss
	at org.apache.curator.ConnectionState.checkTimeouts(ConnectionState.java:197)
	at org.apache.curator.ConnectionState.getZooKeeper(ConnectionState.java:88)
	at org.apache.curator.CuratorZookeeperClient.getZooKeeper(CuratorZookeeperClient.java:116)
	at org.apache.curator.framework.imps.CuratorFrameworkImpl.getZooKeeper(CuratorFrameworkImpl.java:489)
	at org.apache.curator.framework.imps.GetChildrenBuilderImpl$3.call(GetChildrenBuilderImpl.java:214)
	at org.apache.curator.framework.imps.GetChildrenBuilderImpl$3.call(GetChildrenBuilderImpl.java:203)
	at org.apache.curator.RetryLoop.callWithRetry(RetryLoop.java:108)
	at org.apache.curator.framework.imps.GetChildrenBuilderImpl.pathInForeground(GetChildrenBuilderImpl.java:200)
	at org.apache.curator.framework.imps.GetChildrenBuilderImpl.forPath(GetChildrenBuilderImpl.java:191)
	at org.apache.curator.framework.imps.GetChildrenBuilderImpl.forPath(GetChildrenBuilderImpl.java:38)
	at com.dangdang.ddframe.job.reg.zookeeper.ZookeeperRegistryCenter.getChildrenKeys(ZookeeperRegistryCenter.java:170)
	at com.dangdang.ddframe.job.lite.internal.storage.JobNodeStorage.getJobNodeChildrenKeys(JobNodeStorage.java:92)
	at com.dangdang.ddframe.job.lite.internal.instance.InstanceService.getAvailableJobInstances(InstanceService.java:75)
	at com.dangdang.ddframe.job.lite.internal.sharding.ShardingService.shardingIfNecessary(ShardingService.java:103)
	at com.dangdang.ddframe.job.lite.internal.schedule.LiteJobFacade.getShardingContexts(LiteJobFacade.java:115)
	at com.dangdang.ddframe.job.executor.AbstractElasticJobExecutor.execute(AbstractElasticJobExecutor.java:103)
	at com.dangdang.ddframe.job.lite.internal.schedule.LiteJob.execute(LiteJob.java:26)
	at org.quartz.core.JobRunShell.run(JobRunShell.java:202)
	at org.quartz.simpl.SimpleThreadPool$WorkerThread.run(SimpleThreadPool.java:573)
[ERROR] 2017-12-04 11:13:49,913 --myDataFlowJob_Worker-1-- [org.apache.curator.ConnectionState] Connection timed out for connection string (192.168.194.128:2181) and timeout (15000) / elapsed (33014) 
org.apache.curator.CuratorConnectionLossException: KeeperErrorCode = ConnectionLoss
	at org.apache.curator.ConnectionState.checkTimeouts(ConnectionState.java:197)
	at org.apache.curator.ConnectionState.getZooKeeper(ConnectionState.java:88)
	at org.apache.curator.CuratorZookeeperClient.getZooKeeper(CuratorZookeeperClient.java:116)
	at org.apache.curator.framework.imps.CuratorFrameworkImpl.getZooKeeper(CuratorFrameworkImpl.java:489)
	at org.apache.curator.framework.imps.GetChildrenBuilderImpl$3.call(GetChildrenBuilderImpl.java:214)
	at org.apache.curator.framework.imps.GetChildrenBuilderImpl$3.call(GetChildrenBuilderImpl.java:203)
	at org.apache.curator.RetryLoop.callWithRetry(RetryLoop.java:108)
	at org.apache.curator.framework.imps.GetChildrenBuilderImpl.pathInForeground(GetChildrenBuilderImpl.java:200)
	at org.apache.curator.framework.imps.GetChildrenBuilderImpl.forPath(GetChildrenBuilderImpl.java:191)
	at org.apache.curator.framework.imps.GetChildrenBuilderImpl.forPath(GetChildrenBuilderImpl.java:38)
	at com.dangdang.ddframe.job.reg.zookeeper.ZookeeperRegistryCenter.getChildrenKeys(ZookeeperRegistryCenter.java:170)
	at com.dangdang.ddframe.job.lite.internal.storage.JobNodeStorage.getJobNodeChildrenKeys(JobNodeStorage.java:92)
	at com.dangdang.ddframe.job.lite.internal.instance.InstanceService.getAvailableJobInstances(InstanceService.java:75)
	at com.dangdang.ddframe.job.lite.internal.sharding.ShardingService.shardingIfNecessary(ShardingService.java:103)
	at com.dangdang.ddframe.job.lite.internal.schedule.LiteJobFacade.getShardingContexts(LiteJobFacade.java:115)
	at com.dangdang.ddframe.job.executor.AbstractElasticJobExecutor.execute(AbstractElasticJobExecutor.java:103)
	at com.dangdang.ddframe.job.lite.internal.schedule.LiteJob.execute(LiteJob.java:26)
	at org.quartz.core.JobRunShell.run(JobRunShell.java:202)
	at org.quartz.simpl.SimpleThreadPool$WorkerThread.run(SimpleThreadPool.java:573)
[WARN ] 2017-12-04 11:13:49,914 --myDataFlowJob_Worker-1-- [org.apache.curator.retry.ExponentialBackoffRetry] Sleep extension too large (6000). Pinning to 3000 
[WARN ] 2017-12-04 11:14:01,827 --main-SendThread(192.168.194.128:2181)-- [org.apache.zookeeper.ClientCnxn] Session 0x160169e77db0027 for server null, unexpected error, closing socket connection and attempting reconnect 
java.net.ConnectException: Connection timed out: no further information
	at sun.nio.ch.SocketChannelImpl.checkConnect(Native Method)
	at sun.nio.ch.SocketChannelImpl.finishConnect(SocketChannelImpl.java:717)
	at org.apache.zookeeper.ClientCnxnSocketNIO.doTransport(ClientCnxnSocketNIO.java:361)
	at org.apache.zookeeper.ClientCnxn$SendThread.run(ClientCnxn.java:1081)
[ERROR] 2017-12-04 11:14:06,913 --simpleJobExecutor_Worker-1-- [org.apache.curator.ConnectionState] Connection timed out for connection string (192.168.194.128:2181) and timeout (15000) / elapsed (50014) 
org.apache.curator.CuratorConnectionLossException: KeeperErrorCode = ConnectionLoss
	at org.apache.curator.ConnectionState.checkTimeouts(ConnectionState.java:197)
	at org.apache.curator.ConnectionState.getZooKeeper(ConnectionState.java:88)
	at org.apache.curator.CuratorZookeeperClient.getZooKeeper(CuratorZookeeperClient.java:116)
	at org.apache.curator.framework.imps.CuratorFrameworkImpl.getZooKeeper(CuratorFrameworkImpl.java:489)
	at org.apache.curator.framework.imps.GetChildrenBuilderImpl$3.call(GetChildrenBuilderImpl.java:214)
	at org.apache.curator.framework.imps.GetChildrenBuilderImpl$3.call(GetChildrenBuilderImpl.java:203)
	at org.apache.curator.RetryLoop.callWithRetry(RetryLoop.java:108)
	at org.apache.curator.framework.imps.GetChildrenBuilderImpl.pathInForeground(GetChildrenBuilderImpl.java:200)
	at org.apache.curator.framework.imps.GetChildrenBuilderImpl.forPath(GetChildrenBuilderImpl.java:191)
	at org.apache.curator.framework.imps.GetChildrenBuilderImpl.forPath(GetChildrenBuilderImpl.java:38)
	at com.dangdang.ddframe.job.reg.zookeeper.ZookeeperRegistryCenter.getChildrenKeys(ZookeeperRegistryCenter.java:170)
	at com.dangdang.ddframe.job.lite.internal.storage.JobNodeStorage.getJobNodeChildrenKeys(JobNodeStorage.java:92)
	at com.dangdang.ddframe.job.lite.internal.instance.InstanceService.getAvailableJobInstances(InstanceService.java:75)
	at com.dangdang.ddframe.job.lite.internal.sharding.ShardingService.shardingIfNecessary(ShardingService.java:103)
	at com.dangdang.ddframe.job.lite.internal.schedule.LiteJobFacade.getShardingContexts(LiteJobFacade.java:115)
	at com.dangdang.ddframe.job.executor.AbstractElasticJobExecutor.execute(AbstractElasticJobExecutor.java:103)
	at com.dangdang.ddframe.job.lite.internal.schedule.LiteJob.execute(LiteJob.java:26)
	at org.quartz.core.JobRunShell.run(JobRunShell.java:202)
	at org.quartz.simpl.SimpleThreadPool$WorkerThread.run(SimpleThreadPool.java:573)
[ERROR] 2017-12-04 11:14:07,917 --myDataFlowJob_Worker-1-- [org.apache.curator.ConnectionState] Connection timed out for connection string (192.168.194.128:2181) and timeout (15000) / elapsed (51018) 
org.apache.curator.CuratorConnectionLossException: KeeperErrorCode = ConnectionLoss
	at org.apache.curator.ConnectionState.checkTimeouts(ConnectionState.java:197)
	at org.apache.curator.ConnectionState.getZooKeeper(ConnectionState.java:88)
	at org.apache.curator.CuratorZookeeperClient.getZooKeeper(CuratorZookeeperClient.java:116)
	at org.apache.curator.framework.imps.CuratorFrameworkImpl.getZooKeeper(CuratorFrameworkImpl.java:489)
	at org.apache.curator.framework.imps.GetChildrenBuilderImpl$3.call(GetChildrenBuilderImpl.java:214)
	at org.apache.curator.framework.imps.GetChildrenBuilderImpl$3.call(GetChildrenBuilderImpl.java:203)
	at org.apache.curator.RetryLoop.callWithRetry(RetryLoop.java:108)
	at org.apache.curator.framework.imps.GetChildrenBuilderImpl.pathInForeground(GetChildrenBuilderImpl.java:200)
	at org.apache.curator.framework.imps.GetChildrenBuilderImpl.forPath(GetChildrenBuilderImpl.java:191)
	at org.apache.curator.framework.imps.GetChildrenBuilderImpl.forPath(GetChildrenBuilderImpl.java:38)
	at com.dangdang.ddframe.job.reg.zookeeper.ZookeeperRegistryCenter.getChildrenKeys(ZookeeperRegistryCenter.java:170)
	at com.dangdang.ddframe.job.lite.internal.storage.JobNodeStorage.getJobNodeChildrenKeys(JobNodeStorage.java:92)
	at com.dangdang.ddframe.job.lite.internal.instance.InstanceService.getAvailableJobInstances(InstanceService.java:75)
	at com.dangdang.ddframe.job.lite.internal.sharding.ShardingService.shardingIfNecessary(ShardingService.java:103)
	at com.dangdang.ddframe.job.lite.internal.schedule.LiteJobFacade.getShardingContexts(LiteJobFacade.java:115)
	at com.dangdang.ddframe.job.executor.AbstractElasticJobExecutor.execute(AbstractElasticJobExecutor.java:103)
	at com.dangdang.ddframe.job.lite.internal.schedule.LiteJob.execute(LiteJob.java:26)
	at org.quartz.core.JobRunShell.run(JobRunShell.java:202)
	at org.quartz.simpl.SimpleThreadPool$WorkerThread.run(SimpleThreadPool.java:573)
[WARN ] 2017-12-04 11:14:21,917 --simpleJobExecutor_Worker-1-- [org.apache.curator.ConnectionState] Connection attempt unsuccessful after 65018 (greater than max timeout of 60000). Resetting connection and trying again with a new connection. 
[WARN ] 2017-12-04 11:14:45,713 --simpleJobExecutor_Worker-1-SendThread(192.168.194.128:2181)-- [org.apache.zookeeper.ClientCnxn] Session 0x0 for server null, unexpected error, closing socket connection and attempting reconnect 
java.net.ConnectException: Connection timed out: no further information
	at sun.nio.ch.SocketChannelImpl.checkConnect(Native Method)
	at sun.nio.ch.SocketChannelImpl.finishConnect(SocketChannelImpl.java:717)
	at org.apache.zookeeper.ClientCnxnSocketNIO.doTransport(ClientCnxnSocketNIO.java:361)
	at org.apache.zookeeper.ClientCnxn$SendThread.run(ClientCnxn.java:1081)
[ERROR] 2017-12-04 11:15:01,816 --myDataFlowJob_Worker-1-- [org.apache.curator.ConnectionState] Connection timed out for connection string (192.168.194.128:2181) and timeout (15000) / elapsed (39898) 
org.apache.curator.CuratorConnectionLossException: KeeperErrorCode = ConnectionLoss
	at org.apache.curator.ConnectionState.checkTimeouts(ConnectionState.java:197)
	at org.apache.curator.ConnectionState.getZooKeeper(ConnectionState.java:88)
	at org.apache.curator.CuratorZookeeperClient.getZooKeeper(CuratorZookeeperClient.java:116)
	at org.apache.curator.framework.imps.CuratorFrameworkImpl.getZooKeeper(CuratorFrameworkImpl.java:489)
	at org.apache.curator.framework.imps.ExistsBuilderImpl$3.call(ExistsBuilderImpl.java:226)
	at org.apache.curator.framework.imps.ExistsBuilderImpl$3.call(ExistsBuilderImpl.java:215)
	at org.apache.curator.RetryLoop.callWithRetry(RetryLoop.java:108)
	at org.apache.curator.framework.imps.ExistsBuilderImpl.pathInForegroundStandard(ExistsBuilderImpl.java:212)
	at org.apache.curator.framework.imps.ExistsBuilderImpl.pathInForeground(ExistsBuilderImpl.java:205)
	at org.apache.curator.framework.imps.ExistsBuilderImpl.forPath(ExistsBuilderImpl.java:168)
	at org.apache.curator.framework.imps.ExistsBuilderImpl.forPath(ExistsBuilderImpl.java:39)
	at com.dangdang.ddframe.job.reg.zookeeper.ZookeeperRegistryCenter.isExisted(ZookeeperRegistryCenter.java:205)
	at com.dangdang.ddframe.job.lite.internal.storage.JobNodeStorage.isJobNodeExisted(JobNodeStorage.java:62)
	at com.dangdang.ddframe.job.lite.internal.sharding.ShardingService.isNeedSharding(ShardingService.java:92)
	at com.dangdang.ddframe.job.lite.internal.sharding.ShardingService.shardingIfNecessary(ShardingService.java:104)
	at com.dangdang.ddframe.job.lite.internal.schedule.LiteJobFacade.getShardingContexts(LiteJobFacade.java:115)
	at com.dangdang.ddframe.job.executor.AbstractElasticJobExecutor.execute(AbstractElasticJobExecutor.java:103)
	at com.dangdang.ddframe.job.lite.internal.schedule.LiteJob.execute(LiteJob.java:26)
	at org.quartz.core.JobRunShell.run(JobRunShell.java:202)
	at org.quartz.simpl.SimpleThreadPool$WorkerThread.run(SimpleThreadPool.java:573)
[ERROR] 2017-12-04 11:15:01,817 --simpleJobExecutor_Worker-1-- [org.apache.curator.ConnectionState] Connection timed out for connection string (192.168.194.128:2181) and timeout (15000) / elapsed (39900) 
org.apache.curator.CuratorConnectionLossException: KeeperErrorCode = ConnectionLoss
	at org.apache.curator.ConnectionState.checkTimeouts(ConnectionState.java:197)
	at org.apache.curator.ConnectionState.getZooKeeper(ConnectionState.java:88)
	at org.apache.curator.CuratorZookeeperClient.getZooKeeper(CuratorZookeeperClient.java:116)
	at org.apache.curator.framework.imps.CuratorFrameworkImpl.getZooKeeper(CuratorFrameworkImpl.java:489)
	at org.apache.curator.framework.imps.ExistsBuilderImpl$3.call(ExistsBuilderImpl.java:226)
	at org.apache.curator.framework.imps.ExistsBuilderImpl$3.call(ExistsBuilderImpl.java:215)
	at org.apache.curator.RetryLoop.callWithRetry(RetryLoop.java:108)
	at org.apache.curator.framework.imps.ExistsBuilderImpl.pathInForegroundStandard(ExistsBuilderImpl.java:212)
	at org.apache.curator.framework.imps.ExistsBuilderImpl.pathInForeground(ExistsBuilderImpl.java:205)
	at org.apache.curator.framework.imps.ExistsBuilderImpl.forPath(ExistsBuilderImpl.java:168)
	at org.apache.curator.framework.imps.ExistsBuilderImpl.forPath(ExistsBuilderImpl.java:39)
	at com.dangdang.ddframe.job.reg.zookeeper.ZookeeperRegistryCenter.isExisted(ZookeeperRegistryCenter.java:205)
	at com.dangdang.ddframe.job.lite.internal.storage.JobNodeStorage.isJobNodeExisted(JobNodeStorage.java:62)
	at com.dangdang.ddframe.job.lite.internal.sharding.ShardingService.isNeedSharding(ShardingService.java:92)
	at com.dangdang.ddframe.job.lite.internal.sharding.ShardingService.shardingIfNecessary(ShardingService.java:104)
	at com.dangdang.ddframe.job.lite.internal.schedule.LiteJobFacade.getShardingContexts(LiteJobFacade.java:115)
	at com.dangdang.ddframe.job.executor.AbstractElasticJobExecutor.execute(AbstractElasticJobExecutor.java:103)
	at com.dangdang.ddframe.job.lite.internal.schedule.LiteJob.execute(LiteJob.java:26)
	at org.quartz.core.JobRunShell.run(JobRunShell.java:202)
	at org.quartz.simpl.SimpleThreadPool$WorkerThread.run(SimpleThreadPool.java:573)
[WARN ] 2017-12-04 11:15:07,815 --simpleJobExecutor_Worker-1-SendThread(192.168.194.128:2181)-- [org.apache.zookeeper.ClientCnxn] Session 0x0 for server null, unexpected error, closing socket connection and attempting reconnect 
java.net.ConnectException: Connection timed out: no further information
	at sun.nio.ch.SocketChannelImpl.checkConnect(Native Method)
	at sun.nio.ch.SocketChannelImpl.finishConnect(SocketChannelImpl.java:717)
	at org.apache.zookeeper.ClientCnxnSocketNIO.doTransport(ClientCnxnSocketNIO.java:361)
	at org.apache.zookeeper.ClientCnxn$SendThread.run(ClientCnxn.java:1081)
[ERROR] 2017-12-04 11:15:10,365 --ReconcileService RUNNING-- [org.apache.curator.ConnectionState] Connection timed out for connection string (192.168.194.128:2181) and timeout (15000) / elapsed (48448) 
org.apache.curator.CuratorConnectionLossException: KeeperErrorCode = ConnectionLoss
	at org.apache.curator.ConnectionState.checkTimeouts(ConnectionState.java:197)
	at org.apache.curator.ConnectionState.getZooKeeper(ConnectionState.java:88)
	at org.apache.curator.CuratorZookeeperClient.getZooKeeper(CuratorZookeeperClient.java:116)
	at org.apache.curator.framework.imps.CuratorFrameworkImpl.getZooKeeper(CuratorFrameworkImpl.java:489)
	at org.apache.curator.framework.imps.ExistsBuilderImpl$3.call(ExistsBuilderImpl.java:226)
	at org.apache.curator.framework.imps.ExistsBuilderImpl$3.call(ExistsBuilderImpl.java:215)
	at org.apache.curator.RetryLoop.callWithRetry(RetryLoop.java:108)
	at org.apache.curator.framework.imps.ExistsBuilderImpl.pathInForegroundStandard(ExistsBuilderImpl.java:212)
	at org.apache.curator.framework.imps.ExistsBuilderImpl.pathInForeground(ExistsBuilderImpl.java:205)
	at org.apache.curator.framework.imps.ExistsBuilderImpl.forPath(ExistsBuilderImpl.java:168)
	at org.apache.curator.framework.imps.ExistsBuilderImpl.forPath(ExistsBuilderImpl.java:39)
	at com.dangdang.ddframe.job.reg.zookeeper.ZookeeperRegistryCenter.isExisted(ZookeeperRegistryCenter.java:205)
	at com.dangdang.ddframe.job.lite.internal.storage.JobNodeStorage.isJobNodeExisted(JobNodeStorage.java:62)
	at com.dangdang.ddframe.job.lite.internal.election.LeaderService.hasLeader(LeaderService.java:93)
	at com.dangdang.ddframe.job.lite.internal.election.LeaderService.isLeaderUntilBlock(LeaderService.java:68)
	at com.dangdang.ddframe.job.lite.internal.reconcile.ReconcileService.runOneIteration(ReconcileService.java:59)
	at com.google.common.util.concurrent.AbstractScheduledService$1$1.run(AbstractScheduledService.java:174)
	at com.google.common.util.concurrent.Callables$3.run(Callables.java:95)
	at java.util.concurrent.Executors$RunnableAdapter.call(Executors.java:511)
	at java.util.concurrent.FutureTask.runAndReset(FutureTask.java:308)
	at java.util.concurrent.ScheduledThreadPoolExecutor$ScheduledFutureTask.access$301(ScheduledThreadPoolExecutor.java:180)
	at java.util.concurrent.ScheduledThreadPoolExecutor$ScheduledFutureTask.run(ScheduledThreadPoolExecutor.java:294)
	at java.util.concurrent.ThreadPoolExecutor.runWorker(ThreadPoolExecutor.java:1149)
	at java.util.concurrent.ThreadPoolExecutor$Worker.run(ThreadPoolExecutor.java:624)
	at java.lang.Thread.run(Thread.java:748)
[ERROR] 2017-12-04 11:15:10,420 --ReconcileService RUNNING-- [org.apache.curator.ConnectionState] Connection timed out for connection string (192.168.194.128:2181) and timeout (15000) / elapsed (48503) 
org.apache.curator.CuratorConnectionLossException: KeeperErrorCode = ConnectionLoss
	at org.apache.curator.ConnectionState.checkTimeouts(ConnectionState.java:197)
	at org.apache.curator.ConnectionState.getZooKeeper(ConnectionState.java:88)
	at org.apache.curator.CuratorZookeeperClient.getZooKeeper(CuratorZookeeperClient.java:116)
	at org.apache.curator.framework.imps.CuratorFrameworkImpl.getZooKeeper(CuratorFrameworkImpl.java:489)
	at org.apache.curator.framework.imps.ExistsBuilderImpl$3.call(ExistsBuilderImpl.java:226)
	at org.apache.curator.framework.imps.ExistsBuilderImpl$3.call(ExistsBuilderImpl.java:215)
	at org.apache.curator.RetryLoop.callWithRetry(RetryLoop.java:108)
	at org.apache.curator.framework.imps.ExistsBuilderImpl.pathInForegroundStandard(ExistsBuilderImpl.java:212)
	at org.apache.curator.framework.imps.ExistsBuilderImpl.pathInForeground(ExistsBuilderImpl.java:205)
	at org.apache.curator.framework.imps.ExistsBuilderImpl.forPath(ExistsBuilderImpl.java:168)
	at org.apache.curator.framework.imps.ExistsBuilderImpl.forPath(ExistsBuilderImpl.java:39)
	at com.dangdang.ddframe.job.reg.zookeeper.ZookeeperRegistryCenter.isExisted(ZookeeperRegistryCenter.java:205)
	at com.dangdang.ddframe.job.lite.internal.storage.JobNodeStorage.isJobNodeExisted(JobNodeStorage.java:62)
	at com.dangdang.ddframe.job.lite.internal.election.LeaderService.hasLeader(LeaderService.java:93)
	at com.dangdang.ddframe.job.lite.internal.election.LeaderService.isLeaderUntilBlock(LeaderService.java:68)
	at com.dangdang.ddframe.job.lite.internal.reconcile.ReconcileService.runOneIteration(ReconcileService.java:59)
	at com.google.common.util.concurrent.AbstractScheduledService$1$1.run(AbstractScheduledService.java:174)
	at com.google.common.util.concurrent.Callables$3.run(Callables.java:95)
	at java.util.concurrent.Executors$RunnableAdapter.call(Executors.java:511)
	at java.util.concurrent.FutureTask.runAndReset(FutureTask.java:308)
	at java.util.concurrent.ScheduledThreadPoolExecutor$ScheduledFutureTask.access$301(ScheduledThreadPoolExecutor.java:180)
	at java.util.concurrent.ScheduledThreadPoolExecutor$ScheduledFutureTask.run(ScheduledThreadPoolExecutor.java:294)
	at java.util.concurrent.ThreadPoolExecutor.runWorker(ThreadPoolExecutor.java:1149)
	at java.util.concurrent.ThreadPoolExecutor$Worker.run(ThreadPoolExecutor.java:624)
	at java.lang.Thread.run(Thread.java:748)
[ERROR] 2017-12-04 11:15:17,819 --myDataFlowJob_Worker-1-- [org.apache.curator.ConnectionState] Connection timed out for connection string (192.168.194.128:2181) and timeout (15000) / elapsed (55902) 
org.apache.curator.CuratorConnectionLossException: KeeperErrorCode = ConnectionLoss
	at org.apache.curator.ConnectionState.checkTimeouts(ConnectionState.java:197)
	at org.apache.curator.ConnectionState.getZooKeeper(ConnectionState.java:88)
	at org.apache.curator.CuratorZookeeperClient.getZooKeeper(CuratorZookeeperClient.java:116)
	at org.apache.curator.framework.imps.CuratorFrameworkImpl.getZooKeeper(CuratorFrameworkImpl.java:489)
	at org.apache.curator.framework.imps.ExistsBuilderImpl$3.call(ExistsBuilderImpl.java:226)
	at org.apache.curator.framework.imps.ExistsBuilderImpl$3.call(ExistsBuilderImpl.java:215)
	at org.apache.curator.RetryLoop.callWithRetry(RetryLoop.java:108)
	at org.apache.curator.framework.imps.ExistsBuilderImpl.pathInForegroundStandard(ExistsBuilderImpl.java:212)
	at org.apache.curator.framework.imps.ExistsBuilderImpl.pathInForeground(ExistsBuilderImpl.java:205)
	at org.apache.curator.framework.imps.ExistsBuilderImpl.forPath(ExistsBuilderImpl.java:168)
	at org.apache.curator.framework.imps.ExistsBuilderImpl.forPath(ExistsBuilderImpl.java:39)
	at com.dangdang.ddframe.job.reg.zookeeper.ZookeeperRegistryCenter.isExisted(ZookeeperRegistryCenter.java:205)
	at com.dangdang.ddframe.job.lite.internal.storage.JobNodeStorage.isJobNodeExisted(JobNodeStorage.java:62)
	at com.dangdang.ddframe.job.lite.internal.sharding.ShardingService.isNeedSharding(ShardingService.java:92)
	at com.dangdang.ddframe.job.lite.internal.sharding.ShardingService.shardingIfNecessary(ShardingService.java:104)
	at com.dangdang.ddframe.job.lite.internal.schedule.LiteJobFacade.getShardingContexts(LiteJobFacade.java:115)
	at com.dangdang.ddframe.job.executor.AbstractElasticJobExecutor.execute(AbstractElasticJobExecutor.java:103)
	at com.dangdang.ddframe.job.lite.internal.schedule.LiteJob.execute(LiteJob.java:26)
	at org.quartz.core.JobRunShell.run(JobRunShell.java:202)
	at org.quartz.simpl.SimpleThreadPool$WorkerThread.run(SimpleThreadPool.java:573)
[ERROR] 2017-12-04 11:15:19,823 --simpleJobExecutor_Worker-1-- [org.apache.curator.ConnectionState] Connection timed out for connection string (192.168.194.128:2181) and timeout (15000) / elapsed (57906) 
org.apache.curator.CuratorConnectionLossException: KeeperErrorCode = ConnectionLoss
	at org.apache.curator.ConnectionState.checkTimeouts(ConnectionState.java:197)
	at org.apache.curator.ConnectionState.getZooKeeper(ConnectionState.java:88)
	at org.apache.curator.CuratorZookeeperClient.getZooKeeper(CuratorZookeeperClient.java:116)
	at org.apache.curator.framework.imps.CuratorFrameworkImpl.getZooKeeper(CuratorFrameworkImpl.java:489)
	at org.apache.curator.framework.imps.ExistsBuilderImpl$3.call(ExistsBuilderImpl.java:226)
	at org.apache.curator.framework.imps.ExistsBuilderImpl$3.call(ExistsBuilderImpl.java:215)
	at org.apache.curator.RetryLoop.callWithRetry(RetryLoop.java:108)
	at org.apache.curator.framework.imps.ExistsBuilderImpl.pathInForegroundStandard(ExistsBuilderImpl.java:212)
	at org.apache.curator.framework.imps.ExistsBuilderImpl.pathInForeground(ExistsBuilderImpl.java:205)
	at org.apache.curator.framework.imps.ExistsBuilderImpl.forPath(ExistsBuilderImpl.java:168)
	at org.apache.curator.framework.imps.ExistsBuilderImpl.forPath(ExistsBuilderImpl.java:39)
	at com.dangdang.ddframe.job.reg.zookeeper.ZookeeperRegistryCenter.isExisted(ZookeeperRegistryCenter.java:205)
	at com.dangdang.ddframe.job.lite.internal.storage.JobNodeStorage.isJobNodeExisted(JobNodeStorage.java:62)
	at com.dangdang.ddframe.job.lite.internal.sharding.ShardingService.isNeedSharding(ShardingService.java:92)
	at com.dangdang.ddframe.job.lite.internal.sharding.ShardingService.shardingIfNecessary(ShardingService.java:104)
	at com.dangdang.ddframe.job.lite.internal.schedule.LiteJobFacade.getShardingContexts(LiteJobFacade.java:115)
	at com.dangdang.ddframe.job.executor.AbstractElasticJobExecutor.execute(AbstractElasticJobExecutor.java:103)
	at com.dangdang.ddframe.job.lite.internal.schedule.LiteJob.execute(LiteJob.java:26)
	at org.quartz.core.JobRunShell.run(JobRunShell.java:202)
	at org.quartz.simpl.SimpleThreadPool$WorkerThread.run(SimpleThreadPool.java:573)
[WARN ] 2017-12-04 11:15:26,369 --ReconcileService RUNNING-- [org.apache.curator.ConnectionState] Connection attempt unsuccessful after 64452 (greater than max timeout of 60000). Resetting connection and trying again with a new connection. 
[WARN ] 2017-12-04 11:15:51,027 --ReconcileService RUNNING-SendThread(192.168.194.128:2181)-- [org.apache.zookeeper.ClientCnxn] Session 0x0 for server null, unexpected error, closing socket connection and attempting reconnect 
java.net.ConnectException: Connection timed out: no further information
	at sun.nio.ch.SocketChannelImpl.checkConnect(Native Method)
	at sun.nio.ch.SocketChannelImpl.finishConnect(SocketChannelImpl.java:717)
	at org.apache.zookeeper.ClientCnxnSocketNIO.doTransport(ClientCnxnSocketNIO.java:361)
	at org.apache.zookeeper.ClientCnxn$SendThread.run(ClientCnxn.java:1081)
[ERROR] 2017-12-04 11:16:06,131 --simpleJobExecutor_Worker-1-- [org.apache.curator.ConnectionState] Connection timed out for connection string (192.168.194.128:2181) and timeout (15000) / elapsed (39762) 
org.apache.curator.CuratorConnectionLossException: KeeperErrorCode = ConnectionLoss
	at org.apache.curator.ConnectionState.checkTimeouts(ConnectionState.java:197)
	at org.apache.curator.ConnectionState.getZooKeeper(ConnectionState.java:88)
	at org.apache.curator.CuratorZookeeperClient.getZooKeeper(CuratorZookeeperClient.java:116)
	at org.apache.curator.framework.imps.CuratorFrameworkImpl.getZooKeeper(CuratorFrameworkImpl.java:489)
	at org.apache.curator.framework.imps.GetChildrenBuilderImpl$3.call(GetChildrenBuilderImpl.java:214)
	at org.apache.curator.framework.imps.GetChildrenBuilderImpl$3.call(GetChildrenBuilderImpl.java:203)
	at org.apache.curator.RetryLoop.callWithRetry(RetryLoop.java:108)
	at org.apache.curator.framework.imps.GetChildrenBuilderImpl.pathInForeground(GetChildrenBuilderImpl.java:200)
	at org.apache.curator.framework.imps.GetChildrenBuilderImpl.forPath(GetChildrenBuilderImpl.java:191)
	at org.apache.curator.framework.imps.GetChildrenBuilderImpl.forPath(GetChildrenBuilderImpl.java:38)
	at com.dangdang.ddframe.job.reg.zookeeper.ZookeeperRegistryCenter.getChildrenKeys(ZookeeperRegistryCenter.java:170)
	at com.dangdang.ddframe.job.lite.internal.storage.JobNodeStorage.getJobNodeChildrenKeys(JobNodeStorage.java:92)
	at com.dangdang.ddframe.job.lite.internal.server.ServerService.hasOnlineInstances(ServerService.java:84)
	at com.dangdang.ddframe.job.lite.internal.server.ServerService.isAvailableServer(ServerService.java:80)
	at com.dangdang.ddframe.job.lite.internal.sharding.ShardingService.getLocalShardingItems(ShardingService.java:176)
	at com.dangdang.ddframe.job.lite.internal.schedule.LiteJobFacade.getShardingContexts(LiteJobFacade.java:116)
	at com.dangdang.ddframe.job.executor.AbstractElasticJobExecutor.execute(AbstractElasticJobExecutor.java:103)
	at com.dangdang.ddframe.job.lite.internal.schedule.LiteJob.execute(LiteJob.java:26)
	at org.quartz.core.JobRunShell.run(JobRunShell.java:202)
	at org.quartz.simpl.SimpleThreadPool$WorkerThread.run(SimpleThreadPool.java:573)
[ERROR] 2017-12-04 11:16:06,132 --myDataFlowJob_Worker-1-- [org.apache.curator.ConnectionState] Connection timed out for connection string (192.168.194.128:2181) and timeout (15000) / elapsed (39763) 
org.apache.curator.CuratorConnectionLossException: KeeperErrorCode = ConnectionLoss
	at org.apache.curator.ConnectionState.checkTimeouts(ConnectionState.java:197)
	at org.apache.curator.ConnectionState.getZooKeeper(ConnectionState.java:88)
	at org.apache.curator.CuratorZookeeperClient.getZooKeeper(CuratorZookeeperClient.java:116)
	at org.apache.curator.framework.imps.CuratorFrameworkImpl.getZooKeeper(CuratorFrameworkImpl.java:489)
	at org.apache.curator.framework.imps.GetChildrenBuilderImpl$3.call(GetChildrenBuilderImpl.java:214)
	at org.apache.curator.framework.imps.GetChildrenBuilderImpl$3.call(GetChildrenBuilderImpl.java:203)
	at org.apache.curator.RetryLoop.callWithRetry(RetryLoop.java:108)
	at org.apache.curator.framework.imps.GetChildrenBuilderImpl.pathInForeground(GetChildrenBuilderImpl.java:200)
	at org.apache.curator.framework.imps.GetChildrenBuilderImpl.forPath(GetChildrenBuilderImpl.java:191)
	at org.apache.curator.framework.imps.GetChildrenBuilderImpl.forPath(GetChildrenBuilderImpl.java:38)
	at com.dangdang.ddframe.job.reg.zookeeper.ZookeeperRegistryCenter.getChildrenKeys(ZookeeperRegistryCenter.java:170)
	at com.dangdang.ddframe.job.lite.internal.storage.JobNodeStorage.getJobNodeChildrenKeys(JobNodeStorage.java:92)
	at com.dangdang.ddframe.job.lite.internal.server.ServerService.hasOnlineInstances(ServerService.java:84)
	at com.dangdang.ddframe.job.lite.internal.server.ServerService.isAvailableServer(ServerService.java:80)
	at com.dangdang.ddframe.job.lite.internal.sharding.ShardingService.getLocalShardingItems(ShardingService.java:176)
	at com.dangdang.ddframe.job.lite.internal.schedule.LiteJobFacade.getShardingContexts(LiteJobFacade.java:116)
	at com.dangdang.ddframe.job.executor.AbstractElasticJobExecutor.execute(AbstractElasticJobExecutor.java:103)
	at com.dangdang.ddframe.job.lite.internal.schedule.LiteJob.execute(LiteJob.java:26)
	at org.quartz.core.JobRunShell.run(JobRunShell.java:202)
	at org.quartz.simpl.SimpleThreadPool$WorkerThread.run(SimpleThreadPool.java:573)
[ERROR] 2017-12-04 11:16:07,131 --ReconcileService RUNNING-- [org.apache.curator.ConnectionState] Connection timed out for connection string (192.168.194.128:2181) and timeout (15000) / elapsed (40762) 
org.apache.curator.CuratorConnectionLossException: KeeperErrorCode = ConnectionLoss
	at org.apache.curator.ConnectionState.checkTimeouts(ConnectionState.java:197)
	at org.apache.curator.ConnectionState.getZooKeeper(ConnectionState.java:88)
	at org.apache.curator.CuratorZookeeperClient.getZooKeeper(CuratorZookeeperClient.java:116)
	at org.apache.curator.framework.imps.CuratorFrameworkImpl.getZooKeeper(CuratorFrameworkImpl.java:489)
	at org.apache.curator.framework.imps.ExistsBuilderImpl$3.call(ExistsBuilderImpl.java:226)
	at org.apache.curator.framework.imps.ExistsBuilderImpl$3.call(ExistsBuilderImpl.java:215)
	at org.apache.curator.RetryLoop.callWithRetry(RetryLoop.java:108)
	at org.apache.curator.framework.imps.ExistsBuilderImpl.pathInForegroundStandard(ExistsBuilderImpl.java:212)
	at org.apache.curator.framework.imps.ExistsBuilderImpl.pathInForeground(ExistsBuilderImpl.java:205)
	at org.apache.curator.framework.imps.ExistsBuilderImpl.forPath(ExistsBuilderImpl.java:168)
	at org.apache.curator.framework.imps.ExistsBuilderImpl.forPath(ExistsBuilderImpl.java:39)
	at com.dangdang.ddframe.job.reg.zookeeper.ZookeeperRegistryCenter.isExisted(ZookeeperRegistryCenter.java:205)
	at com.dangdang.ddframe.job.lite.internal.storage.JobNodeStorage.isJobNodeExisted(JobNodeStorage.java:62)
	at com.dangdang.ddframe.job.lite.internal.election.LeaderService.hasLeader(LeaderService.java:93)
	at com.dangdang.ddframe.job.lite.internal.election.LeaderService.isLeaderUntilBlock(LeaderService.java:68)
	at com.dangdang.ddframe.job.lite.internal.reconcile.ReconcileService.runOneIteration(ReconcileService.java:59)
	at com.google.common.util.concurrent.AbstractScheduledService$1$1.run(AbstractScheduledService.java:174)
	at com.google.common.util.concurrent.Callables$3.run(Callables.java:95)
	at java.util.concurrent.Executors$RunnableAdapter.call(Executors.java:511)
	at java.util.concurrent.FutureTask.runAndReset(FutureTask.java:308)
	at java.util.concurrent.ScheduledThreadPoolExecutor$ScheduledFutureTask.access$301(ScheduledThreadPoolExecutor.java:180)
	at java.util.concurrent.ScheduledThreadPoolExecutor$ScheduledFutureTask.run(ScheduledThreadPoolExecutor.java:294)
	at java.util.concurrent.ThreadPoolExecutor.runWorker(ThreadPoolExecutor.java:1149)
	at java.util.concurrent.ThreadPoolExecutor$Worker.run(ThreadPoolExecutor.java:624)
	at java.lang.Thread.run(Thread.java:748)
[ERROR] 2017-12-04 11:16:07,132 --ReconcileService RUNNING-- [org.apache.curator.ConnectionState] Connection timed out for connection string (192.168.194.128:2181) and timeout (15000) / elapsed (40762) 
org.apache.curator.CuratorConnectionLossException: KeeperErrorCode = ConnectionLoss
	at org.apache.curator.ConnectionState.checkTimeouts(ConnectionState.java:197)
	at org.apache.curator.ConnectionState.getZooKeeper(ConnectionState.java:88)
	at org.apache.curator.CuratorZookeeperClient.getZooKeeper(CuratorZookeeperClient.java:116)
	at org.apache.curator.framework.imps.CuratorFrameworkImpl.getZooKeeper(CuratorFrameworkImpl.java:489)
	at org.apache.curator.framework.imps.ExistsBuilderImpl$3.call(ExistsBuilderImpl.java:226)
	at org.apache.curator.framework.imps.ExistsBuilderImpl$3.call(ExistsBuilderImpl.java:215)
	at org.apache.curator.RetryLoop.callWithRetry(RetryLoop.java:108)
	at org.apache.curator.framework.imps.ExistsBuilderImpl.pathInForegroundStandard(ExistsBuilderImpl.java:212)
	at org.apache.curator.framework.imps.ExistsBuilderImpl.pathInForeground(ExistsBuilderImpl.java:205)
	at org.apache.curator.framework.imps.ExistsBuilderImpl.forPath(ExistsBuilderImpl.java:168)
	at org.apache.curator.framework.imps.ExistsBuilderImpl.forPath(ExistsBuilderImpl.java:39)
	at com.dangdang.ddframe.job.reg.zookeeper.ZookeeperRegistryCenter.isExisted(ZookeeperRegistryCenter.java:205)
	at com.dangdang.ddframe.job.lite.internal.storage.JobNodeStorage.isJobNodeExisted(JobNodeStorage.java:62)
	at com.dangdang.ddframe.job.lite.internal.election.LeaderService.hasLeader(LeaderService.java:93)
	at com.dangdang.ddframe.job.lite.internal.election.LeaderService.isLeaderUntilBlock(LeaderService.java:68)
	at com.dangdang.ddframe.job.lite.internal.reconcile.ReconcileService.runOneIteration(ReconcileService.java:59)
	at com.google.common.util.concurrent.AbstractScheduledService$1$1.run(AbstractScheduledService.java:174)
	at com.google.common.util.concurrent.Callables$3.run(Callables.java:95)
	at java.util.concurrent.Executors$RunnableAdapter.call(Executors.java:511)
	at java.util.concurrent.FutureTask.runAndReset(FutureTask.java:308)
	at java.util.concurrent.ScheduledThreadPoolExecutor$ScheduledFutureTask.access$301(ScheduledThreadPoolExecutor.java:180)
	at java.util.concurrent.ScheduledThreadPoolExecutor$ScheduledFutureTask.run(ScheduledThreadPoolExecutor.java:294)
	at java.util.concurrent.ThreadPoolExecutor.runWorker(ThreadPoolExecutor.java:1149)
	at java.util.concurrent.ThreadPoolExecutor$Worker.run(ThreadPoolExecutor.java:624)
	at java.lang.Thread.run(Thread.java:748)
[WARN ] 2017-12-04 11:16:07,132 --ReconcileService RUNNING-- [org.apache.curator.retry.ExponentialBackoffRetry] Sleep extension too large (5000). Pinning to 3000 
[WARN ] 2017-12-04 11:16:13,130 --ReconcileService RUNNING-SendThread(192.168.194.128:2181)-- [org.apache.zookeeper.ClientCnxn] Session 0x0 for server null, unexpected error, closing socket connection and attempting reconnect 
java.net.ConnectException: Connection timed out: no further information
	at sun.nio.ch.SocketChannelImpl.checkConnect(Native Method)
	at sun.nio.ch.SocketChannelImpl.finishConnect(SocketChannelImpl.java:717)
	at org.apache.zookeeper.ClientCnxnSocketNIO.doTransport(ClientCnxnSocketNIO.java:361)
	at org.apache.zookeeper.ClientCnxn$SendThread.run(ClientCnxn.java:1081)
[ERROR] 2017-12-04 11:16:22,135 --simpleJobExecutor_Worker-1-- [org.apache.curator.ConnectionState] Connection timed out for connection string (192.168.194.128:2181) and timeout (15000) / elapsed (55766) 
org.apache.curator.CuratorConnectionLossException: KeeperErrorCode = ConnectionLoss
	at org.apache.curator.ConnectionState.checkTimeouts(ConnectionState.java:197)
	at org.apache.curator.ConnectionState.getZooKeeper(ConnectionState.java:88)
	at org.apache.curator.CuratorZookeeperClient.getZooKeeper(CuratorZookeeperClient.java:116)
	at org.apache.curator.framework.imps.CuratorFrameworkImpl.getZooKeeper(CuratorFrameworkImpl.java:489)
	at org.apache.curator.framework.imps.GetChildrenBuilderImpl$3.call(GetChildrenBuilderImpl.java:214)
	at org.apache.curator.framework.imps.GetChildrenBuilderImpl$3.call(GetChildrenBuilderImpl.java:203)
	at org.apache.curator.RetryLoop.callWithRetry(RetryLoop.java:108)
	at org.apache.curator.framework.imps.GetChildrenBuilderImpl.pathInForeground(GetChildrenBuilderImpl.java:200)
	at org.apache.curator.framework.imps.GetChildrenBuilderImpl.forPath(GetChildrenBuilderImpl.java:191)
	at org.apache.curator.framework.imps.GetChildrenBuilderImpl.forPath(GetChildrenBuilderImpl.java:38)
	at com.dangdang.ddframe.job.reg.zookeeper.ZookeeperRegistryCenter.getChildrenKeys(ZookeeperRegistryCenter.java:170)
	at com.dangdang.ddframe.job.lite.internal.storage.JobNodeStorage.getJobNodeChildrenKeys(JobNodeStorage.java:92)
	at com.dangdang.ddframe.job.lite.internal.server.ServerService.hasOnlineInstances(ServerService.java:84)
	at com.dangdang.ddframe.job.lite.internal.server.ServerService.isAvailableServer(ServerService.java:80)
	at com.dangdang.ddframe.job.lite.internal.sharding.ShardingService.getLocalShardingItems(ShardingService.java:176)
	at com.dangdang.ddframe.job.lite.internal.schedule.LiteJobFacade.getShardingContexts(LiteJobFacade.java:116)
	at com.dangdang.ddframe.job.executor.AbstractElasticJobExecutor.execute(AbstractElasticJobExecutor.java:103)
	at com.dangdang.ddframe.job.lite.internal.schedule.LiteJob.execute(LiteJob.java:26)
	at org.quartz.core.JobRunShell.run(JobRunShell.java:202)
	at org.quartz.simpl.SimpleThreadPool$WorkerThread.run(SimpleThreadPool.java:573)
[ERROR] 2017-12-04 11:16:22,139 --myDataFlowJob_Worker-1-- [org.apache.curator.ConnectionState] Connection timed out for connection string (192.168.194.128:2181) and timeout (15000) / elapsed (55770) 
org.apache.curator.CuratorConnectionLossException: KeeperErrorCode = ConnectionLoss
	at org.apache.curator.ConnectionState.checkTimeouts(ConnectionState.java:197)
	at org.apache.curator.ConnectionState.getZooKeeper(ConnectionState.java:88)
	at org.apache.curator.CuratorZookeeperClient.getZooKeeper(CuratorZookeeperClient.java:116)
	at org.apache.curator.framework.imps.CuratorFrameworkImpl.getZooKeeper(CuratorFrameworkImpl.java:489)
	at org.apache.curator.framework.imps.GetChildrenBuilderImpl$3.call(GetChildrenBuilderImpl.java:214)
	at org.apache.curator.framework.imps.GetChildrenBuilderImpl$3.call(GetChildrenBuilderImpl.java:203)
	at org.apache.curator.RetryLoop.callWithRetry(RetryLoop.java:108)
	at org.apache.curator.framework.imps.GetChildrenBuilderImpl.pathInForeground(GetChildrenBuilderImpl.java:200)
	at org.apache.curator.framework.imps.GetChildrenBuilderImpl.forPath(GetChildrenBuilderImpl.java:191)
	at org.apache.curator.framework.imps.GetChildrenBuilderImpl.forPath(GetChildrenBuilderImpl.java:38)
	at com.dangdang.ddframe.job.reg.zookeeper.ZookeeperRegistryCenter.getChildrenKeys(ZookeeperRegistryCenter.java:170)
	at com.dangdang.ddframe.job.lite.internal.storage.JobNodeStorage.getJobNodeChildrenKeys(JobNodeStorage.java:92)
	at com.dangdang.ddframe.job.lite.internal.server.ServerService.hasOnlineInstances(ServerService.java:84)
	at com.dangdang.ddframe.job.lite.internal.server.ServerService.isAvailableServer(ServerService.java:80)
	at com.dangdang.ddframe.job.lite.internal.sharding.ShardingService.getLocalShardingItems(ShardingService.java:176)
	at com.dangdang.ddframe.job.lite.internal.schedule.LiteJobFacade.getShardingContexts(LiteJobFacade.java:116)
	at com.dangdang.ddframe.job.executor.AbstractElasticJobExecutor.execute(AbstractElasticJobExecutor.java:103)
	at com.dangdang.ddframe.job.lite.internal.schedule.LiteJob.execute(LiteJob.java:26)
	at org.quartz.core.JobRunShell.run(JobRunShell.java:202)
	at org.quartz.simpl.SimpleThreadPool$WorkerThread.run(SimpleThreadPool.java:573)
[ERROR] 2017-12-04 11:16:24,134 --ReconcileService RUNNING-- [org.apache.curator.ConnectionState] Connection timed out for connection string (192.168.194.128:2181) and timeout (15000) / elapsed (57765) 
org.apache.curator.CuratorConnectionLossException: KeeperErrorCode = ConnectionLoss
	at org.apache.curator.ConnectionState.checkTimeouts(ConnectionState.java:197)
	at org.apache.curator.ConnectionState.getZooKeeper(ConnectionState.java:88)
	at org.apache.curator.CuratorZookeeperClient.getZooKeeper(CuratorZookeeperClient.java:116)
	at org.apache.curator.framework.imps.CuratorFrameworkImpl.getZooKeeper(CuratorFrameworkImpl.java:489)
	at org.apache.curator.framework.imps.ExistsBuilderImpl$3.call(ExistsBuilderImpl.java:226)
	at org.apache.curator.framework.imps.ExistsBuilderImpl$3.call(ExistsBuilderImpl.java:215)
	at org.apache.curator.RetryLoop.callWithRetry(RetryLoop.java:108)
	at org.apache.curator.framework.imps.ExistsBuilderImpl.pathInForegroundStandard(ExistsBuilderImpl.java:212)
	at org.apache.curator.framework.imps.ExistsBuilderImpl.pathInForeground(ExistsBuilderImpl.java:205)
	at org.apache.curator.framework.imps.ExistsBuilderImpl.forPath(ExistsBuilderImpl.java:168)
	at org.apache.curator.framework.imps.ExistsBuilderImpl.forPath(ExistsBuilderImpl.java:39)
	at com.dangdang.ddframe.job.reg.zookeeper.ZookeeperRegistryCenter.isExisted(ZookeeperRegistryCenter.java:205)
	at com.dangdang.ddframe.job.lite.internal.storage.JobNodeStorage.isJobNodeExisted(JobNodeStorage.java:62)
	at com.dangdang.ddframe.job.lite.internal.election.LeaderService.hasLeader(LeaderService.java:93)
	at com.dangdang.ddframe.job.lite.internal.election.LeaderService.isLeaderUntilBlock(LeaderService.java:68)
	at com.dangdang.ddframe.job.lite.internal.reconcile.ReconcileService.runOneIteration(ReconcileService.java:59)
	at com.google.common.util.concurrent.AbstractScheduledService$1$1.run(AbstractScheduledService.java:174)
	at com.google.common.util.concurrent.Callables$3.run(Callables.java:95)
	at java.util.concurrent.Executors$RunnableAdapter.call(Executors.java:511)
	at java.util.concurrent.FutureTask.runAndReset(FutureTask.java:308)
	at java.util.concurrent.ScheduledThreadPoolExecutor$ScheduledFutureTask.access$301(ScheduledThreadPoolExecutor.java:180)
	at java.util.concurrent.ScheduledThreadPoolExecutor$ScheduledFutureTask.run(ScheduledThreadPoolExecutor.java:294)
	at java.util.concurrent.ThreadPoolExecutor.runWorker(ThreadPoolExecutor.java:1149)
	at java.util.concurrent.ThreadPoolExecutor$Worker.run(ThreadPoolExecutor.java:624)
	at java.lang.Thread.run(Thread.java:748)
[ERROR] 2017-12-04 11:16:25,135 --ReconcileService RUNNING-- [org.apache.curator.ConnectionState] Connection timed out for connection string (192.168.194.128:2181) and timeout (15000) / elapsed (58766) 
org.apache.curator.CuratorConnectionLossException: KeeperErrorCode = ConnectionLoss
	at org.apache.curator.ConnectionState.checkTimeouts(ConnectionState.java:197)
	at org.apache.curator.ConnectionState.getZooKeeper(ConnectionState.java:88)
	at org.apache.curator.CuratorZookeeperClient.getZooKeeper(CuratorZookeeperClient.java:116)
	at org.apache.curator.framework.imps.CuratorFrameworkImpl.getZooKeeper(CuratorFrameworkImpl.java:489)
	at org.apache.curator.framework.imps.ExistsBuilderImpl$3.call(ExistsBuilderImpl.java:226)
	at org.apache.curator.framework.imps.ExistsBuilderImpl$3.call(ExistsBuilderImpl.java:215)
	at org.apache.curator.RetryLoop.callWithRetry(RetryLoop.java:108)
	at org.apache.curator.framework.imps.ExistsBuilderImpl.pathInForegroundStandard(ExistsBuilderImpl.java:212)
	at org.apache.curator.framework.imps.ExistsBuilderImpl.pathInForeground(ExistsBuilderImpl.java:205)
	at org.apache.curator.framework.imps.ExistsBuilderImpl.forPath(ExistsBuilderImpl.java:168)
	at org.apache.curator.framework.imps.ExistsBuilderImpl.forPath(ExistsBuilderImpl.java:39)
	at com.dangdang.ddframe.job.reg.zookeeper.ZookeeperRegistryCenter.isExisted(ZookeeperRegistryCenter.java:205)
	at com.dangdang.ddframe.job.lite.internal.storage.JobNodeStorage.isJobNodeExisted(JobNodeStorage.java:62)
	at com.dangdang.ddframe.job.lite.internal.election.LeaderService.hasLeader(LeaderService.java:93)
	at com.dangdang.ddframe.job.lite.internal.election.LeaderService.isLeaderUntilBlock(LeaderService.java:68)
	at com.dangdang.ddframe.job.lite.internal.reconcile.ReconcileService.runOneIteration(ReconcileService.java:59)
	at com.google.common.util.concurrent.AbstractScheduledService$1$1.run(AbstractScheduledService.java:174)
	at com.google.common.util.concurrent.Callables$3.run(Callables.java:95)
	at java.util.concurrent.Executors$RunnableAdapter.call(Executors.java:511)
	at java.util.concurrent.FutureTask.runAndReset(FutureTask.java:308)
	at java.util.concurrent.ScheduledThreadPoolExecutor$ScheduledFutureTask.access$301(ScheduledThreadPoolExecutor.java:180)
	at java.util.concurrent.ScheduledThreadPoolExecutor$ScheduledFutureTask.run(ScheduledThreadPoolExecutor.java:294)
	at java.util.concurrent.ThreadPoolExecutor.runWorker(ThreadPoolExecutor.java:1149)
	at java.util.concurrent.ThreadPoolExecutor$Worker.run(ThreadPoolExecutor.java:624)
	at java.lang.Thread.run(Thread.java:748)
