[WARN ] 2017-12-05 10:58:59,474 --Curator-Framework-0-- [org.apache.curator.utils.ZKPaths] The version of ZooKeeper being used doesn't support Container nodes. CreateMode.PERSISTENT will be used instead. 
[WARN ] 2017-12-05 11:00:05,504 --Curator-Framework-0-- [org.apache.curator.utils.ZKPaths] The version of ZooKeeper being used doesn't support Container nodes. CreateMode.PERSISTENT will be used instead. 
[ERROR] 2017-12-05 11:00:09,423 --simpleJobExecutor_Worker-1-- [org.quartz.core.JobRunShell] Job DEFAULT.simpleJobExecutor threw an unhandled Exception:  
java.lang.NullPointerException: null
	at com.dangdang.ddframe.job.lite.internal.sharding.ExecutionContextService.getJobShardingContext(ExecutionContextService.java:63)
	at com.dangdang.ddframe.job.lite.internal.schedule.LiteJobFacade.getShardingContexts(LiteJobFacade.java:121)
	at com.dangdang.ddframe.job.executor.AbstractElasticJobExecutor.execute(AbstractElasticJobExecutor.java:103)
	at com.dangdang.ddframe.job.lite.internal.schedule.LiteJob.execute(LiteJob.java:26)
	at org.quartz.core.JobRunShell.run(JobRunShell.java:202)
	at org.quartz.simpl.SimpleThreadPool$WorkerThread.run(SimpleThreadPool.java:573)
[ERROR] 2017-12-05 11:00:09,425 --simpleJobExecutor_Worker-1-- [org.quartz.core.ErrorLogger] Job (DEFAULT.simpleJobExecutor threw an exception. 
org.quartz.SchedulerException: Job threw an unhandled exception.
	at org.quartz.core.JobRunShell.run(JobRunShell.java:213)
	at org.quartz.simpl.SimpleThreadPool$WorkerThread.run(SimpleThreadPool.java:573)
Caused by: java.lang.NullPointerException: null
	at com.dangdang.ddframe.job.lite.internal.sharding.ExecutionContextService.getJobShardingContext(ExecutionContextService.java:63)
	at com.dangdang.ddframe.job.lite.internal.schedule.LiteJobFacade.getShardingContexts(LiteJobFacade.java:121)
	at com.dangdang.ddframe.job.executor.AbstractElasticJobExecutor.execute(AbstractElasticJobExecutor.java:103)
	at com.dangdang.ddframe.job.lite.internal.schedule.LiteJob.execute(LiteJob.java:26)
	at org.quartz.core.JobRunShell.run(JobRunShell.java:202)
	... 1 common frames omitted
[WARN ] 2017-12-05 11:03:48,957 --Curator-Framework-0-- [org.apache.curator.utils.ZKPaths] The version of ZooKeeper being used doesn't support Container nodes. CreateMode.PERSISTENT will be used instead. 
[WARN ] 2017-12-05 11:05:36,626 --Curator-Framework-0-- [org.apache.curator.utils.ZKPaths] The version of ZooKeeper being used doesn't support Container nodes. CreateMode.PERSISTENT will be used instead. 
[WARN ] 2017-12-05 11:08:46,703 --Curator-Framework-0-- [org.apache.curator.utils.ZKPaths] The version of ZooKeeper being used doesn't support Container nodes. CreateMode.PERSISTENT will be used instead. 
[WARN ] 2017-12-05 11:13:05,575 --Curator-Framework-0-- [org.apache.curator.utils.ZKPaths] The version of ZooKeeper being used doesn't support Container nodes. CreateMode.PERSISTENT will be used instead. 
[WARN ] 2017-12-05 11:17:12,925 --Curator-Framework-0-- [org.apache.curator.utils.ZKPaths] The version of ZooKeeper being used doesn't support Container nodes. CreateMode.PERSISTENT will be used instead. 
[ERROR] 2017-12-05 11:17:22,839 --simpleJobExecutor_Worker-1-- [org.quartz.core.JobRunShell] Job DEFAULT.simpleJobExecutor threw an unhandled Exception:  
java.lang.NullPointerException: null
	at com.dangdang.ddframe.job.lite.internal.sharding.ExecutionContextService.getJobShardingContext(ExecutionContextService.java:63)
	at com.dangdang.ddframe.job.lite.internal.schedule.LiteJobFacade.getShardingContexts(LiteJobFacade.java:121)
	at com.dangdang.ddframe.job.executor.AbstractElasticJobExecutor.execute(AbstractElasticJobExecutor.java:103)
	at com.dangdang.ddframe.job.lite.internal.schedule.LiteJob.execute(LiteJob.java:26)
	at org.quartz.core.JobRunShell.run(JobRunShell.java:202)
	at org.quartz.simpl.SimpleThreadPool$WorkerThread.run(SimpleThreadPool.java:573)
[ERROR] 2017-12-05 11:17:22,840 --simpleJobExecutor_Worker-1-- [org.quartz.core.ErrorLogger] Job (DEFAULT.simpleJobExecutor threw an exception. 
org.quartz.SchedulerException: Job threw an unhandled exception.
	at org.quartz.core.JobRunShell.run(JobRunShell.java:213)
	at org.quartz.simpl.SimpleThreadPool$WorkerThread.run(SimpleThreadPool.java:573)
Caused by: java.lang.NullPointerException: null
	at com.dangdang.ddframe.job.lite.internal.sharding.ExecutionContextService.getJobShardingContext(ExecutionContextService.java:63)
	at com.dangdang.ddframe.job.lite.internal.schedule.LiteJobFacade.getShardingContexts(LiteJobFacade.java:121)
	at com.dangdang.ddframe.job.executor.AbstractElasticJobExecutor.execute(AbstractElasticJobExecutor.java:103)
	at com.dangdang.ddframe.job.lite.internal.schedule.LiteJob.execute(LiteJob.java:26)
	at org.quartz.core.JobRunShell.run(JobRunShell.java:202)
	... 1 common frames omitted
[WARN ] 2017-12-05 11:31:35,162 --Curator-Framework-0-- [org.apache.curator.utils.ZKPaths] The version of ZooKeeper being used doesn't support Container nodes. CreateMode.PERSISTENT will be used instead. 
[WARN ] 2017-12-05 11:31:41,048 --Curator-Framework-0-- [org.apache.curator.utils.ZKPaths] The version of ZooKeeper being used doesn't support Container nodes. CreateMode.PERSISTENT will be used instead. 
[WARN ] 2017-12-05 11:33:35,300 --Curator-Framework-0-- [org.apache.curator.utils.ZKPaths] The version of ZooKeeper being used doesn't support Container nodes. CreateMode.PERSISTENT will be used instead. 
[WARN ] 2017-12-05 11:35:47,259 --Curator-Framework-0-- [org.apache.curator.utils.ZKPaths] The version of ZooKeeper being used doesn't support Container nodes. CreateMode.PERSISTENT will be used instead. 
[WARN ] 2017-12-05 11:46:30,685 --main-- [org.apache.curator.utils.ZKPaths] The version of ZooKeeper being used doesn't support Container nodes. CreateMode.PERSISTENT will be used instead. 
[ERROR] 2017-12-05 12:47:45,894 --simpleJobExecutor_Worker-1-- [com.dangdang.ddframe.job.executor.handler.impl.DefaultJobExceptionHandler] Job 'simpleJobExecutor' exception occur in job processing 
com.dangdang.ddframe.job.exception.JobSystemException: Job timeout. timeout mills is 30000.
	at com.dangdang.ddframe.job.lite.api.listener.AbstractDistributeOnceElasticJobListener.handleTimeout(AbstractDistributeOnceElasticJobListener.java:104)
	at com.dangdang.ddframe.job.lite.api.listener.AbstractDistributeOnceElasticJobListener.beforeJobExecuted(AbstractDistributeOnceElasticJobListener.java:77)
	at com.dangdang.ddframe.job.lite.internal.schedule.LiteJobFacade.beforeJobExecuted(LiteJobFacade.java:156)
	at com.dangdang.ddframe.job.executor.AbstractElasticJobExecutor.execute(AbstractElasticJobExecutor.java:116)
	at com.dangdang.ddframe.job.lite.internal.schedule.LiteJob.execute(LiteJob.java:26)
	at org.quartz.core.JobRunShell.run(JobRunShell.java:202)
	at org.quartz.simpl.SimpleThreadPool$WorkerThread.run(SimpleThreadPool.java:573)
[ERROR] 2017-12-05 12:48:05,929 --simpleJobExecutor_Worker-1-- [com.dangdang.ddframe.job.executor.handler.impl.DefaultJobExceptionHandler] Job 'simpleJobExecutor' exception occur in job processing 
com.dangdang.ddframe.job.exception.JobSystemException: Job timeout. timeout mills is 20000.
	at com.dangdang.ddframe.job.lite.api.listener.AbstractDistributeOnceElasticJobListener.handleTimeout(AbstractDistributeOnceElasticJobListener.java:104)
	at com.dangdang.ddframe.job.lite.api.listener.AbstractDistributeOnceElasticJobListener.afterJobExecuted(AbstractDistributeOnceElasticJobListener.java:99)
	at com.dangdang.ddframe.job.lite.internal.schedule.LiteJobFacade.afterJobExecuted(LiteJobFacade.java:163)
	at com.dangdang.ddframe.job.executor.AbstractElasticJobExecutor.execute(AbstractElasticJobExecutor.java:129)
	at com.dangdang.ddframe.job.lite.internal.schedule.LiteJob.execute(LiteJob.java:26)
	at org.quartz.core.JobRunShell.run(JobRunShell.java:202)
	at org.quartz.simpl.SimpleThreadPool$WorkerThread.run(SimpleThreadPool.java:573)
[ERROR] 2017-12-05 12:59:43,968 --simpleJobExecutor_Worker-1-- [com.dangdang.ddframe.job.executor.handler.impl.DefaultJobExceptionHandler] Job 'simpleJobExecutor' exception occur in job processing 
com.dangdang.ddframe.job.exception.JobSystemException: Job timeout. timeout mills is 30000.
	at com.dangdang.ddframe.job.lite.api.listener.AbstractDistributeOnceElasticJobListener.handleTimeout(AbstractDistributeOnceElasticJobListener.java:104)
	at com.dangdang.ddframe.job.lite.api.listener.AbstractDistributeOnceElasticJobListener.beforeJobExecuted(AbstractDistributeOnceElasticJobListener.java:77)
	at com.dangdang.ddframe.job.lite.internal.schedule.LiteJobFacade.beforeJobExecuted(LiteJobFacade.java:156)
	at com.dangdang.ddframe.job.executor.AbstractElasticJobExecutor.execute(AbstractElasticJobExecutor.java:116)
	at com.dangdang.ddframe.job.lite.internal.schedule.LiteJob.execute(LiteJob.java:26)
	at org.quartz.core.JobRunShell.run(JobRunShell.java:202)
	at org.quartz.simpl.SimpleThreadPool$WorkerThread.run(SimpleThreadPool.java:573)
[WARN ] 2017-12-05 13:00:46,701 --main-- [org.springframework.boot.context.embedded.AnnotationConfigEmbeddedWebApplicationContext] Exception encountered during context initialization - cancelling refresh attempt: org.springframework.beans.factory.BeanCreationException: Error creating bean with name 'com.dangdang.ddframe.job.lite.spring.api.SpringJobScheduler#0': Cannot create inner bean '(inner bean)#1727e03a' of type [com.quark.job.listener.MyDistributeOnceElasticJobListener] while setting constructor argument with key [1]; nested exception is org.springframework.beans.factory.UnsatisfiedDependencyException: Error creating bean with name '(inner bean)#1727e03a': Unsatisfied dependency expressed through constructor parameter 0: Could not convert argument value of type [java.lang.String] to required type [long]: Failed to convert value of type 'java.lang.String' to required type 'long'; nested exception is java.lang.NumberFormatException: For input string: "" 
[ERROR] 2017-12-05 13:00:46,768 --main-- [org.springframework.boot.SpringApplication] Application startup failed 
org.springframework.beans.factory.BeanCreationException: Error creating bean with name 'com.dangdang.ddframe.job.lite.spring.api.SpringJobScheduler#0': Cannot create inner bean '(inner bean)#1727e03a' of type [com.quark.job.listener.MyDistributeOnceElasticJobListener] while setting constructor argument with key [1]; nested exception is org.springframework.beans.factory.UnsatisfiedDependencyException: Error creating bean with name '(inner bean)#1727e03a': Unsatisfied dependency expressed through constructor parameter 0: Could not convert argument value of type [java.lang.String] to required type [long]: Failed to convert value of type 'java.lang.String' to required type 'long'; nested exception is java.lang.NumberFormatException: For input string: ""
	at org.springframework.beans.factory.support.BeanDefinitionValueResolver.resolveInnerBean(BeanDefinitionValueResolver.java:313)
	at org.springframework.beans.factory.support.BeanDefinitionValueResolver.resolveValueIfNecessary(BeanDefinitionValueResolver.java:129)
	at org.springframework.beans.factory.support.BeanDefinitionValueResolver.resolveManagedList(BeanDefinitionValueResolver.java:382)
	at org.springframework.beans.factory.support.BeanDefinitionValueResolver.resolveValueIfNecessary(BeanDefinitionValueResolver.java:157)
	at org.springframework.beans.factory.support.ConstructorResolver.resolveConstructorArguments(ConstructorResolver.java:634)
	at org.springframework.beans.factory.support.ConstructorResolver.autowireConstructor(ConstructorResolver.java:145)
	at org.springframework.beans.factory.support.AbstractAutowireCapableBeanFactory.autowireConstructor(AbstractAutowireCapableBeanFactory.java:1193)
	at org.springframework.beans.factory.support.AbstractAutowireCapableBeanFactory.createBeanInstance(AbstractAutowireCapableBeanFactory.java:1095)
	at org.springframework.beans.factory.support.AbstractAutowireCapableBeanFactory.doCreateBean(AbstractAutowireCapableBeanFactory.java:513)
	at org.springframework.beans.factory.support.AbstractAutowireCapableBeanFactory.createBean(AbstractAutowireCapableBeanFactory.java:483)
	at org.springframework.beans.factory.support.AbstractBeanFactory$1.getObject(AbstractBeanFactory.java:306)
	at org.springframework.beans.factory.support.DefaultSingletonBeanRegistry.getSingleton(DefaultSingletonBeanRegistry.java:230)
	at org.springframework.beans.factory.support.AbstractBeanFactory.doGetBean(AbstractBeanFactory.java:302)
	at org.springframework.beans.factory.support.AbstractBeanFactory.getBean(AbstractBeanFactory.java:197)
	at org.springframework.beans.factory.support.DefaultListableBeanFactory.preInstantiateSingletons(DefaultListableBeanFactory.java:761)
	at org.springframework.context.support.AbstractApplicationContext.finishBeanFactoryInitialization(AbstractApplicationContext.java:867)
	at org.springframework.context.support.AbstractApplicationContext.refresh(AbstractApplicationContext.java:543)
	at org.springframework.boot.context.embedded.EmbeddedWebApplicationContext.refresh(EmbeddedWebApplicationContext.java:122)
	at org.springframework.boot.SpringApplication.refresh(SpringApplication.java:693)
	at org.springframework.boot.SpringApplication.refreshContext(SpringApplication.java:360)
	at org.springframework.boot.SpringApplication.run(SpringApplication.java:303)
	at org.springframework.boot.SpringApplication.run(SpringApplication.java:1118)
	at org.springframework.boot.SpringApplication.run(SpringApplication.java:1107)
	at com.quark.job.SpringBootElasticApplication.main(SpringBootElasticApplication.java:10)
Caused by: org.springframework.beans.factory.UnsatisfiedDependencyException: Error creating bean with name '(inner bean)#1727e03a': Unsatisfied dependency expressed through constructor parameter 0: Could not convert argument value of type [java.lang.String] to required type [long]: Failed to convert value of type 'java.lang.String' to required type 'long'; nested exception is java.lang.NumberFormatException: For input string: ""
	at org.springframework.beans.factory.support.ConstructorResolver.createArgumentArray(ConstructorResolver.java:723)
	at org.springframework.beans.factory.support.ConstructorResolver.autowireConstructor(ConstructorResolver.java:189)
	at org.springframework.beans.factory.support.AbstractAutowireCapableBeanFactory.autowireConstructor(AbstractAutowireCapableBeanFactory.java:1193)
	at org.springframework.beans.factory.support.AbstractAutowireCapableBeanFactory.createBeanInstance(AbstractAutowireCapableBeanFactory.java:1095)
	at org.springframework.beans.factory.support.AbstractAutowireCapableBeanFactory.doCreateBean(AbstractAutowireCapableBeanFactory.java:513)
	at org.springframework.beans.factory.support.AbstractAutowireCapableBeanFactory.createBean(AbstractAutowireCapableBeanFactory.java:483)
	at org.springframework.beans.factory.support.BeanDefinitionValueResolver.resolveInnerBean(BeanDefinitionValueResolver.java:299)
	... 23 common frames omitted
[ERROR] 2017-12-05 13:03:41,922 --simpleJobExecutor_Worker-1-- [com.dangdang.ddframe.job.executor.handler.impl.DefaultJobExceptionHandler] Job 'simpleJobExecutor' exception occur in job processing 
com.dangdang.ddframe.job.exception.JobSystemException: Job timeout. timeout mills is 60000.
	at com.dangdang.ddframe.job.lite.api.listener.AbstractDistributeOnceElasticJobListener.handleTimeout(AbstractDistributeOnceElasticJobListener.java:104)
	at com.dangdang.ddframe.job.lite.api.listener.AbstractDistributeOnceElasticJobListener.beforeJobExecuted(AbstractDistributeOnceElasticJobListener.java:77)
	at com.dangdang.ddframe.job.lite.internal.schedule.LiteJobFacade.beforeJobExecuted(LiteJobFacade.java:156)
	at com.dangdang.ddframe.job.executor.AbstractElasticJobExecutor.execute(AbstractElasticJobExecutor.java:116)
	at com.dangdang.ddframe.job.lite.internal.schedule.LiteJob.execute(LiteJob.java:26)
	at org.quartz.core.JobRunShell.run(JobRunShell.java:202)
	at org.quartz.simpl.SimpleThreadPool$WorkerThread.run(SimpleThreadPool.java:573)
[ERROR] 2017-12-05 13:06:03,963 --simpleJobExecutor_Worker-1-- [com.dangdang.ddframe.job.executor.handler.impl.DefaultJobExceptionHandler] Job 'simpleJobExecutor' exception occur in job processing 
com.dangdang.ddframe.job.exception.JobSystemException: Job timeout. timeout mills is 60000.
	at com.dangdang.ddframe.job.lite.api.listener.AbstractDistributeOnceElasticJobListener.handleTimeout(AbstractDistributeOnceElasticJobListener.java:104)
	at com.dangdang.ddframe.job.lite.api.listener.AbstractDistributeOnceElasticJobListener.beforeJobExecuted(AbstractDistributeOnceElasticJobListener.java:77)
	at com.dangdang.ddframe.job.lite.internal.schedule.LiteJobFacade.beforeJobExecuted(LiteJobFacade.java:156)
	at com.dangdang.ddframe.job.executor.AbstractElasticJobExecutor.execute(AbstractElasticJobExecutor.java:116)
	at com.dangdang.ddframe.job.lite.internal.schedule.LiteJob.execute(LiteJob.java:26)
	at org.quartz.core.JobRunShell.run(JobRunShell.java:202)
	at org.quartz.simpl.SimpleThreadPool$WorkerThread.run(SimpleThreadPool.java:573)
[ERROR] 2017-12-05 13:07:03,974 --simpleJobExecutor_Worker-1-- [com.dangdang.ddframe.job.executor.handler.impl.DefaultJobExceptionHandler] Job 'simpleJobExecutor' exception occur in job processing 
com.dangdang.ddframe.job.exception.JobSystemException: Job timeout. timeout mills is 60000.
	at com.dangdang.ddframe.job.lite.api.listener.AbstractDistributeOnceElasticJobListener.handleTimeout(AbstractDistributeOnceElasticJobListener.java:104)
	at com.dangdang.ddframe.job.lite.api.listener.AbstractDistributeOnceElasticJobListener.afterJobExecuted(AbstractDistributeOnceElasticJobListener.java:99)
	at com.dangdang.ddframe.job.lite.internal.schedule.LiteJobFacade.afterJobExecuted(LiteJobFacade.java:163)
	at com.dangdang.ddframe.job.executor.AbstractElasticJobExecutor.execute(AbstractElasticJobExecutor.java:129)
	at com.dangdang.ddframe.job.lite.internal.schedule.LiteJob.execute(LiteJob.java:26)
	at org.quartz.core.JobRunShell.run(JobRunShell.java:202)
	at org.quartz.simpl.SimpleThreadPool$WorkerThread.run(SimpleThreadPool.java:573)
[WARN ] 2017-12-05 15:11:12,238 --Curator-Framework-0-- [org.apache.curator.utils.ZKPaths] The version of ZooKeeper being used doesn't support Container nodes. CreateMode.PERSISTENT will be used instead. 
[ERROR] 2017-12-05 15:11:12,273 --main-- [com.dangdang.ddframe.job.lite.internal.monitor.MonitorService] Elastic job: Monitor service listen failure, error is:  
java.net.BindException: Address already in use: JVM_Bind
	at java.net.DualStackPlainSocketImpl.bind0(Native Method)
	at java.net.DualStackPlainSocketImpl.socketBind(DualStackPlainSocketImpl.java:106)
	at java.net.AbstractPlainSocketImpl.bind(AbstractPlainSocketImpl.java:387)
	at java.net.PlainSocketImpl.bind(PlainSocketImpl.java:190)
	at java.net.ServerSocket.bind(ServerSocket.java:375)
	at java.net.ServerSocket.<init>(ServerSocket.java:237)
	at java.net.ServerSocket.<init>(ServerSocket.java:128)
	at com.dangdang.ddframe.job.lite.internal.monitor.MonitorService.openSocketForMonitor(MonitorService.java:81)
	at com.dangdang.ddframe.job.lite.internal.monitor.MonitorService.listen(MonitorService.java:74)
	at com.dangdang.ddframe.job.lite.internal.schedule.SchedulerFacade.registerStartUpInfo(SchedulerFacade.java:118)
	at com.dangdang.ddframe.job.lite.api.JobScheduler.init(JobScheduler.java:110)
	at sun.reflect.NativeMethodAccessorImpl.invoke0(Native Method)
	at sun.reflect.NativeMethodAccessorImpl.invoke(NativeMethodAccessorImpl.java:62)
	at sun.reflect.DelegatingMethodAccessorImpl.invoke(DelegatingMethodAccessorImpl.java:43)
	at java.lang.reflect.Method.invoke(Method.java:498)
	at org.springframework.beans.factory.support.AbstractAutowireCapableBeanFactory.invokeCustomInitMethod(AbstractAutowireCapableBeanFactory.java:1758)
	at org.springframework.beans.factory.support.AbstractAutowireCapableBeanFactory.invokeInitMethods(AbstractAutowireCapableBeanFactory.java:1695)
	at org.springframework.beans.factory.support.AbstractAutowireCapableBeanFactory.initializeBean(AbstractAutowireCapableBeanFactory.java:1624)
	at org.springframework.beans.factory.support.AbstractAutowireCapableBeanFactory.doCreateBean(AbstractAutowireCapableBeanFactory.java:555)
	at org.springframework.beans.factory.support.AbstractAutowireCapableBeanFactory.createBean(AbstractAutowireCapableBeanFactory.java:483)
	at org.springframework.beans.factory.support.AbstractBeanFactory$1.getObject(AbstractBeanFactory.java:306)
	at org.springframework.beans.factory.support.DefaultSingletonBeanRegistry.getSingleton(DefaultSingletonBeanRegistry.java:230)
	at org.springframework.beans.factory.support.AbstractBeanFactory.doGetBean(AbstractBeanFactory.java:302)
	at org.springframework.beans.factory.support.AbstractBeanFactory.getBean(AbstractBeanFactory.java:197)
	at org.springframework.beans.factory.support.DefaultListableBeanFactory.preInstantiateSingletons(DefaultListableBeanFactory.java:761)
	at org.springframework.context.support.AbstractApplicationContext.finishBeanFactoryInitialization(AbstractApplicationContext.java:867)
	at org.springframework.context.support.AbstractApplicationContext.refresh(AbstractApplicationContext.java:543)
	at org.springframework.boot.context.embedded.EmbeddedWebApplicationContext.refresh(EmbeddedWebApplicationContext.java:122)
	at org.springframework.boot.SpringApplication.refresh(SpringApplication.java:693)
	at org.springframework.boot.SpringApplication.refreshContext(SpringApplication.java:360)
	at org.springframework.boot.SpringApplication.run(SpringApplication.java:303)
	at org.springframework.boot.SpringApplication.run(SpringApplication.java:1118)
	at org.springframework.boot.SpringApplication.run(SpringApplication.java:1107)
	at com.quark.job.SpringBootElasticApplication.main(SpringBootElasticApplication.java:10)
